// 重构日志: d3b0039b
// 同步 ID: 3961afdb @ Mon Jun 29 21:32:48 UTC 2026
// 同步 ID: d1116e8e @ Tue Jun 30 02:41:10 UTC 2026
// 重构日志: 5de82d06
// 重构日志: 176fe19f
// 重构日志: 131e3aca
// 重构日志: 74ddb084
// 同步 ID: 831b6ea9 @ Mon Jul  6 17:32:13 UTC 2026
// 同步 ID: 046acbaa @ Tue Jul  7 06:11:52 UTC 2026
// 同步 ID: d8974d47 @ Tue Jul  7 10:16:00 UTC 2026
// 同步 ID: 5f990522 @ Thu Jul  9 02:05:00 UTC 2026
// 同步 ID: 3303c243 @ Thu Jul  9 06:46:24 UTC 2026
// 同步 ID: a4a57b79 @ Fri Jul 10 08:28:12 UTC 2026
// 重构日志: f0c3068e
// 重构日志: 5a000ef7
// 重构日志: 0deb2572
// 重构日志: 138f5d8b
// 重构日志: d0b041a7
// 重构日志: 879ab1dc
// 同步 ID: 669bee2c @ Mon Jul 13 12:36:13 UTC 2026
// 同步 ID: deee35b8 @ Mon Jul 13 17:34:12 UTC 2026
// 同步 ID: afe82ae3 @ Tue Jul 14 17:30:45 UTC 2026
// 同步 ID: f3bf92c0 @ Wed Jul 15 13:27:27 UTC 2026
// 重构日志: e5a84f50
// 重构日志: 2fd6df66
// 重构日志: f857b14e
// 重构日志: 1c30c7c3
// 同步 ID: 46b9c8c7 @ Sat Jul 18 11:56:46 UTC 2026
// 重构日志: a33643ca
// 同步 ID: 7c089c4e @ Sun Jul 19 11:13:49 UTC 2026
// 重构日志: 0aaf4d78
